E, [2015-02-20T14:12:34.075624 #26148] ERROR -- Kitchen: ------Exception-------
E, [2015-02-20T14:12:34.075716 #26148] ERROR -- Kitchen: Class: Kitchen::UserError
E, [2015-02-20T14:12:34.075741 #26148] ERROR -- Kitchen: Message: Kitchen YAML file /home/thaipham/workspace/chef/opsworks-cookbook/installpkg/recipes/.kitchen.yml does not exist.
E, [2015-02-20T14:12:34.075762 #26148] ERROR -- Kitchen: ------Backtrace-------
E, [2015-02-20T14:12:34.075783 #26148] ERROR -- Kitchen: /var/lib/gems/1.9.1/gems/test-kitchen-1.3.1/lib/kitchen/loader/yaml.rb:74:in `read'
E, [2015-02-20T14:12:34.075803 #26148] ERROR -- Kitchen: /var/lib/gems/1.9.1/gems/test-kitchen-1.3.1/lib/kitchen/config.rb:139:in `data'
E, [2015-02-20T14:12:34.075823 #26148] ERROR -- Kitchen: /var/lib/gems/1.9.1/gems/test-kitchen-1.3.1/lib/kitchen/config.rb:118:in `suites'
E, [2015-02-20T14:12:34.075843 #26148] ERROR -- Kitchen: /var/lib/gems/1.9.1/gems/test-kitchen-1.3.1/lib/kitchen/config.rb:169:in `filter_instances'
E, [2015-02-20T14:12:34.075863 #26148] ERROR -- Kitchen: /var/lib/gems/1.9.1/gems/test-kitchen-1.3.1/lib/kitchen/config.rb:128:in `build_instances'
E, [2015-02-20T14:12:34.075883 #26148] ERROR -- Kitchen: /var/lib/gems/1.9.1/gems/test-kitchen-1.3.1/lib/kitchen/config.rb:104:in `instances'
E, [2015-02-20T14:12:34.075903 #26148] ERROR -- Kitchen: /var/lib/gems/1.9.1/gems/test-kitchen-1.3.1/lib/kitchen/command.rb:115:in `filtered_instances'
E, [2015-02-20T14:12:34.075922 #26148] ERROR -- Kitchen: /var/lib/gems/1.9.1/gems/test-kitchen-1.3.1/lib/kitchen/command.rb:145:in `parse_subcommand'
E, [2015-02-20T14:12:34.075941 #26148] ERROR -- Kitchen: /var/lib/gems/1.9.1/gems/test-kitchen-1.3.1/lib/kitchen/command/list.rb:32:in `call'
E, [2015-02-20T14:12:34.075961 #26148] ERROR -- Kitchen: /var/lib/gems/1.9.1/gems/test-kitchen-1.3.1/lib/kitchen/cli.rb:56:in `perform'
E, [2015-02-20T14:12:34.075980 #26148] ERROR -- Kitchen: /var/lib/gems/1.9.1/gems/test-kitchen-1.3.1/lib/kitchen/cli.rb:97:in `list'
E, [2015-02-20T14:12:34.076000 #26148] ERROR -- Kitchen: /var/lib/gems/1.9.1/gems/thor-0.19.1/lib/thor/command.rb:27:in `run'
E, [2015-02-20T14:12:34.076020 #26148] ERROR -- Kitchen: /var/lib/gems/1.9.1/gems/thor-0.19.1/lib/thor/invocation.rb:126:in `invoke_command'
E, [2015-02-20T14:12:34.076040 #26148] ERROR -- Kitchen: /var/lib/gems/1.9.1/gems/test-kitchen-1.3.1/lib/kitchen/cli.rb:304:in `invoke_task'
E, [2015-02-20T14:12:34.076060 #26148] ERROR -- Kitchen: /var/lib/gems/1.9.1/gems/thor-0.19.1/lib/thor.rb:359:in `dispatch'
E, [2015-02-20T14:12:34.076080 #26148] ERROR -- Kitchen: /var/lib/gems/1.9.1/gems/thor-0.19.1/lib/thor/base.rb:440:in `start'
E, [2015-02-20T14:12:34.076099 #26148] ERROR -- Kitchen: /var/lib/gems/1.9.1/gems/test-kitchen-1.3.1/bin/kitchen:13:in `block in <top (required)>'
E, [2015-02-20T14:12:34.076119 #26148] ERROR -- Kitchen: /var/lib/gems/1.9.1/gems/test-kitchen-1.3.1/lib/kitchen/errors.rb:154:in `with_friendly_errors'
E, [2015-02-20T14:12:34.076139 #26148] ERROR -- Kitchen: /var/lib/gems/1.9.1/gems/test-kitchen-1.3.1/bin/kitchen:13:in `<top (required)>'
E, [2015-02-20T14:12:34.076160 #26148] ERROR -- Kitchen: /usr/local/bin/kitchen:23:in `load'
E, [2015-02-20T14:12:34.076180 #26148] ERROR -- Kitchen: /usr/local/bin/kitchen:23:in `<main>'
E, [2015-02-20T14:12:34.076199 #26148] ERROR -- Kitchen: ----------------------
