I, [2015-02-20T15:01:19.530002 #29959]  INFO -- Kitchen: -----> Starting Kitchen (v1.3.1)
I, [2015-02-20T15:01:19.800572 #29959]  INFO -- Kitchen: -----> Creating <default-ubuntu-1204>...
I, [2015-02-20T15:02:10.078650 #29959]  INFO -- Kitchen: -----> Converging <default-ubuntu-1204>...
E, [2015-02-20T15:03:38.603474 #29959] ERROR -- Kitchen: Converge failed on instance <default-ubuntu-1204>.
I, [2015-02-20T15:05:55.272075 #31159]  INFO -- Kitchen: -----> Starting Kitchen (v1.3.1)
I, [2015-02-20T15:05:55.554891 #31159]  INFO -- Kitchen: -----> Converging <default-ubuntu-1204>...
I, [2015-02-20T15:05:59.002755 #31159]  INFO -- Kitchen: -----> Creating <default-centos-64>...
I, [2015-02-20T15:06:20.795880 #31294]  INFO -- Kitchen: -----> Starting Kitchen (v1.3.1)
I, [2015-02-20T15:06:21.080107 #31294]  INFO -- Kitchen: -----> Converging <default-ubuntu-1204>...
I, [2015-02-20T15:06:24.081460 #31294]  INFO -- Kitchen: -----> Kitchen is finished. (0m3.29s)
I, [2015-02-20T15:06:44.605837 #31328]  INFO -- Kitchen: -----> Starting Kitchen (v1.3.1)
I, [2015-02-20T15:06:44.894564 #31328]  INFO -- Kitchen: -----> Destroying <default-ubuntu-1204>...
I, [2015-02-20T15:06:49.127406 #31328]  INFO -- Kitchen: -----> Kitchen is finished. (0m4.52s)
I, [2015-02-21T17:42:46.669920 #12699]  INFO -- Kitchen: -----> Starting Kitchen (v1.3.1)
I, [2015-02-21T17:42:46.953787 #12699]  INFO -- Kitchen: -----> Creating <default-ubuntu-1404>...
I, [2015-02-21T17:49:44.652444 #12699]  INFO -- Kitchen: -----> Converging <default-ubuntu-1404>...
I, [2015-02-21T17:51:06.957669 #12699]  INFO -- Kitchen: -----> Kitchen is finished. (8m20.27s)
I, [2015-02-21T19:04:27.462804 #17543]  INFO -- Kitchen: -----> Starting Kitchen (v1.3.1)
I, [2015-02-21T19:04:27.741159 #17543]  INFO -- Kitchen: -----> Destroying <default-ubuntu-1404>...
I, [2015-02-21T19:04:32.307523 #17543]  INFO -- Kitchen: -----> Kitchen is finished. (0m4.84s)
